Wed, 09 Sep 2020 12:31:57 GMT | ERROR  | HTTP 404: ask for:  http://localhost:3000/
Wed, 09 Sep 2020 12:31:58 GMT | ERROR  | HTTP 404: ask for:  http://localhost:3000/
Wed, 09 Sep 2020 12:31:58 GMT | ERROR  | HTTP 404: ask for:  http://localhost:3000/
Wed, 09 Sep 2020 12:31:59 GMT | ERROR  | HTTP 404: ask for:  http://localhost:3000/
Wed, 09 Sep 2020 12:42:52 GMT | ERROR  | HTTP 404: ask for:  http://localhost:3000/
Fri, 11 Sep 2020 11:39:58 GMT | ERROR  | HTTP 404: ask for:  http://localhost:3000/
Fri, 11 Sep 2020 11:42:41 GMT | ERROR  | HTTP 404: ask for:  http://localhost:3000/favicon.ico
Sat, 12 Sep 2020 13:43:00 GMT | ERROR  | HTTP 404: ask for:  http://localhost:3000/
Sat, 12 Sep 2020 13:43:00 GMT | ERROR  | HTTP 404: ask for:  http://localhost:3000/favicon.ico
Sat, 12 Sep 2020 13:43:56 GMT | ERROR  | HTTP 404: ask for:  http://localhost:3000/tod
Wed, 30 Sep 2020 06:32:24 GMT | ERROR  | HTTP 404: ask for:  http://localhost:3000/
Wed, 30 Sep 2020 06:32:24 GMT | ERROR  | HTTP 404: ask for:  http://localhost:3000/favicon.ico
Wed, 30 Sep 2020 06:32:31 GMT | ERROR  | HTTP 404: ask for:  http://localhost:3000/Todo
Wed, 30 Sep 2020 06:32:33 GMT | ERROR  | HTTP 404: ask for:  http://localhost:3000/Todo
Wed, 30 Sep 2020 06:33:07 GMT | ERROR  | HTTP 404: ask for:  http://localhost:3000/
Wed, 30 Sep 2020 06:34:42 GMT | ERROR  | HTTP 404: ask for:  http://localhost:3000/
Wed, 30 Sep 2020 06:34:46 GMT | ERROR  | HTTP 404: ask for:  http://localhost:3000/todo
Wed, 30 Sep 2020 06:34:49 GMT | ERROR  | HTTP 404: ask for:  http://localhost:3000/todo
Wed, 30 Sep 2020 06:36:03 GMT | ERROR  | HTTP 404: ask for:  http://localhost:3000/
Wed, 30 Sep 2020 06:36:07 GMT | ERROR  | HTTP 404: ask for:  http://localhost:3000/todos
Wed, 30 Sep 2020 06:36:17 GMT | ERROR  | HTTP 404: ask for:  http://localhost:3000/
Wed, 30 Sep 2020 06:36:24 GMT | ERROR  | HTTP 404: ask for:  http://localhost:3000/todo
Wed, 30 Sep 2020 06:36:28 GMT | ERROR  | HTTP 404: ask for:  http://localhost:3000/todo
Wed, 30 Sep 2020 09:28:03 GMT | ERROR  | HTTP 404: ask for:  http://localhost:3000/pizza
Wed, 30 Sep 2020 09:28:12 GMT | ERROR  | HTTP 404: ask for:  http://localhost:3000/commande
Wed, 30 Sep 2020 09:30:50 GMT | ERROR  | HTTP 404: ask for:  http://localhost:3000/pizza
Mon, 19 Oct 2020 11:40:06 GMT | ERROR  | HTTP 404: ask for:  http://localhost:3000/pizza
Mon, 19 Oct 2020 11:55:30 GMT | ERROR  | HTTP 404: ask for:  http://localhost:3000/commande
Mon, 19 Oct 2020 11:56:13 GMT | ERROR  | HTTP 404: ask for:  http://localhost:3000/pizza
Mon, 19 Oct 2020 11:57:23 GMT | ERROR  | HTTP 404: ask for:  http://localhost:3000/pizza
