Wed, 09 Sep 2020 12:31:48 GMT | INFO  | Server is running on port: 3000
Wed, 09 Sep 2020 12:42:43 GMT | INFO  | Server is running on port: 3000
Fri, 11 Sep 2020 11:39:04 GMT | INFO  | Server is running on port: 3000
Fri, 11 Sep 2020 11:39:04 GMT | INFO  | Connected to database
Fri, 11 Sep 2020 11:42:52 GMT | INFO  | Server is running on port: 3000
Fri, 11 Sep 2020 11:42:52 GMT | INFO  | Connected to database
Fri, 11 Sep 2020 11:50:03 GMT | INFO  | Server is running on port: 3000
Fri, 11 Sep 2020 11:50:03 GMT | INFO  | Connected to database
Fri, 11 Sep 2020 11:50:20 GMT | INFO  | Server is running on port: 3000
Fri, 11 Sep 2020 11:50:20 GMT | INFO  | Connected to database
Fri, 11 Sep 2020 12:05:36 GMT | INFO  | Server is running on port: 3000
Fri, 11 Sep 2020 12:05:36 GMT | INFO  | Connected to database
Fri, 11 Sep 2020 12:17:00 GMT | INFO  | Server is running on port: 3000
Fri, 11 Sep 2020 12:17:00 GMT | INFO  | Connected to database
Sat, 12 Sep 2020 13:42:52 GMT | INFO  | Server is running on port: 3000
Sat, 12 Sep 2020 13:42:52 GMT | INFO  | Connected to database
Wed, 30 Sep 2020 06:32:16 GMT | INFO  | Server is running on port: 3000
Wed, 30 Sep 2020 06:32:16 GMT | INFO  | Connected to database
Wed, 30 Sep 2020 06:34:23 GMT | INFO  | Server is running on port: 3000
Wed, 30 Sep 2020 06:34:23 GMT | INFO  | Connected to database
Wed, 30 Sep 2020 09:27:46 GMT | INFO  | Server is running on port: 3000
Wed, 30 Sep 2020 09:27:46 GMT | INFO  | Connected to database
Mon, 19 Oct 2020 11:40:01 GMT | INFO  | Server is running on port: 3000
Mon, 19 Oct 2020 11:40:01 GMT | INFO  | Connected to database
Mon, 19 Oct 2020 11:53:50 GMT | INFO  | Server is running on port: 3000
Mon, 19 Oct 2020 11:53:50 GMT | INFO  | Connected to database
